Arguments: 
  C:\Program Files\nodejs\node.exe C:\Program Files (x86)\Yarn\bin\yarn.js add angular-highcharts highcharts

PATH: 
  C:\Python27\;C:\oraclexe\app\oracle\product\11.2.0\server\bin;C:\Program Files (x86)\Intel\iCLS Client\;C:\Program Files\Intel\iCLS Client\;C:\ProgramData\Oracle\Java\javapath;C:\Windows\system32;C:\Windows;C:\Windows\System32\Wbem;C:\Windows\System32\WindowsPowerShell\v1.0\;C:\Program Files (x86)\Bitvise SSH Client;C:\Program Files\Git\cmd;C:\Program Files\Git\mingw64\bin;C:\Program Files\Git\usr\bin;C:\Program Files\nodejs\;C:\Program Files (x86)\Yarn\bin;C:\Program Files\Intel\Intel(R) Management Engine Components\DAL;C:\Program Files\Intel\Intel(R) Management Engine Components\IPT;C:\Program Files (x86)\Intel\Intel(R) Management Engine Components\DAL;C:\Program Files (x86)\Intel\Intel(R) Management Engine Components\IPT;C:\Program Files (x86)\NVIDIA Corporation\PhysX\Common;C:\Program Files (x86)\Windows Kits\8.1\Windows Performance Toolkit\;C:\Users\Mohammad Javad\AppData\Local\Microsoft\WindowsApps;C:\Users\Mohammad Javad\AppData\Roaming\npm;C:\Users\Mohammad Javad\AppData\Local\Yarn\bin

Yarn version: 
  1.1.0

Node version: 
  8.6.0

Platform: 
  win32 x64

npm manifest: 
  {
      "name": "default",
      "version": "0.0.0",
      "license": "MIT",
      "scripts": {
          "ng": "ng",
          "start": "ng serve",
          "build": "ng build --prod",
          "test": "ng test",
          "lint": "ng lint",
          "e2e": "ng e2e",
          "postinstall": "npm run tsformat",
          "tsformat": "tsfmt -r"
      },
      "private": true,
      "dependencies": {
          "@angular/animations": "^5.2.0",
          "@angular/common": "^5.2.0",
          "@angular/compiler": "^5.2.0",
          "@angular/core": "^5.2.0",
          "@angular/forms": "^5.2.0",
          "@angular/http": "^5.2.0",
          "@angular/platform-browser": "^5.2.0",
          "@angular/platform-browser-dynamic": "^5.2.0",
          "@angular/router": "^5.2.0",
          "@ng-bootstrap/ng-bootstrap": "^1.0.0-beta.3",
          "@types/jquery": "^3.2.6",
          "angular2gridster": "^1.4.0",
          "chart.js": "^2.7.2",
          "classlist.js": "^1.1.20150312",
          "core-js": "^2.4.1",
          "enhanced-resolve": "^3.3.0",
          "jquery": "^3.3.1",
          "ng-recaptcha": "^3.0.0",
          "ng2-charts": "^1.6.0",
          "primeng": "^4.1.3",
          "rxjs": "^5.5.6",
          "typescript-formatter": "^5.2.0",
          "zone.js": "^0.8.19"
      },
      "devDependencies": {
          "@angular/cli": "1.6.6",
          "@angular/compiler-cli": "^5.2.0",
          "@angular/language-service": "^5.2.0",
          "typescript": "~2.5.3"
      }
  }

yarn manifest: 
  No manifest

Lockfile: 
  No lockfile

Trace: 
  Error: EPERM: operation not permitted, unlink 'D:\Projects\Dashboard\dashboard-ui\node_modules\node-sass\vendor\win32-x64-57\binding.node'
